<?xml version="1.0" encoding="UTF-8"?>
<testng-results ignored="0" total="6" passed="6" failed="0" skipped="0">
  <reporter-output>
  </reporter-output>
  <suite started-at="2024-08-14T14:10:53 IST" name="Default suite" finished-at="2024-08-14T14:11:02 IST" duration-ms="8650">
    <groups>
    </groups>
    <test started-at="2024-08-14T14:10:53 IST" name="Default test" finished-at="2024-08-14T14:11:02 IST" duration-ms="8650">
      <class name="RestAssured.RestAssured.FirstGetRequest">
        <test-method signature="Deletetestcase06()[pri:0, instance:RestAssured.RestAssured.FirstGetRequest@5bf0d49]" started-at="2024-08-14T14:10:53 IST" name="Deletetestcase06" finished-at="2024-08-14T14:10:59 IST" duration-ms="5535" status="PASS">
          <reporter-output>
          </reporter-output>
        </test-method> <!-- Deletetestcase06 -->
        <test-method signature="Gettestcase02()[pri:0, instance:RestAssured.RestAssured.FirstGetRequest@5bf0d49]" started-at="2024-08-14T14:10:59 IST" name="Gettestcase02" finished-at="2024-08-14T14:10:59 IST" duration-ms="376" status="PASS">
          <reporter-output>
          </reporter-output>
        </test-method> <!-- Gettestcase02 -->
        <test-method signature="Patchtestcase05()[pri:0, instance:RestAssured.RestAssured.FirstGetRequest@5bf0d49]" started-at="2024-08-14T14:10:59 IST" name="Patchtestcase05" finished-at="2024-08-14T14:11:00 IST" duration-ms="867" status="PASS">
          <reporter-output>
          </reporter-output>
        </test-method> <!-- Patchtestcase05 -->
        <test-method signature="Posttestcase03()[pri:0, instance:RestAssured.RestAssured.FirstGetRequest@5bf0d49]" started-at="2024-08-14T14:11:00 IST" name="Posttestcase03" finished-at="2024-08-14T14:11:01 IST" duration-ms="753" status="PASS">
          <reporter-output>
          </reporter-output>
        </test-method> <!-- Posttestcase03 -->
        <test-method signature="Puttestcase04()[pri:0, instance:RestAssured.RestAssured.FirstGetRequest@5bf0d49]" started-at="2024-08-14T14:11:01 IST" name="Puttestcase04" finished-at="2024-08-14T14:11:02 IST" duration-ms="632" status="PASS">
          <reporter-output>
          </reporter-output>
        </test-method> <!-- Puttestcase04 -->
        <test-method signature="testcase01()[pri:0, instance:RestAssured.RestAssured.FirstGetRequest@5bf0d49]" started-at="2024-08-14T14:11:02 IST" name="testcase01" finished-at="2024-08-14T14:11:02 IST" duration-ms="337" status="PASS">
          <reporter-output>
          </reporter-output>
        </test-method> <!-- testcase01 -->
      </class> <!-- RestAssured.RestAssured.FirstGetRequest -->
    </test> <!-- Default test -->
  </suite> <!-- Default suite -->
</testng-results>
